<?xml version="1.0" encoding="UTF-8"?>
<!-- Generated by org.testng.reporters.JUnitXMLReporter -->
<testsuite hostname="DESKTOP-UE9M3HC" ignored="0" name="Regression Fashion Store: ON CHROME" tests="10" failures="0" timestamp="21 Jan 2019 13:13:49 GMT" time="41.167" errors="0">
  <testcase name="launchBrowser" time="4.574" classname="fashionStoreTestSuite.Reg_FS"/>
  <testcase name="Launch_FashionStore" time="10.49" classname="fashionStoreTestSuite.Reg_FS"/>
  <testcase name="Go_Shopping" time="0.147" classname="fashionStoreTestSuite.Reg_FS"/>
  <testcase name="Add_to_Cart" time="0.102" classname="fashionStoreTestSuite.Reg_FS"/>
  <testcase name="Go2Cart_andCheckout" time="0.27" classname="fashionStoreTestSuite.Reg_FS"/>
  <testcase name="Select_Bank" time="1.03" classname="fashionStoreTestSuite.Reg_FS"/>
  <testcase name="Authenticate_AT_Forgerock" time="9.036" classname="fashionStoreTestSuite.Reg_FS"/>
  <testcase name="Select_Account_Pay" time="7.233" classname="fashionStoreTestSuite.Reg_FS"/>
  <testcase name="Payment_Successful" time="6.908" classname="fashionStoreTestSuite.Reg_FS"/>
  <testcase name="Close_Browser" time="0.635" classname="fashionStoreTestSuite.Reg_FS"/>
</testsuite> <!-- Regression Fashion Store: ON CHROME -->
