<?xml version="1.0" encoding="UTF-8"?>
<testng-results skipped="0" failed="0" ignored="0" total="10" passed="10">
  <reporter-output>
  </reporter-output>
  <suite name="Suite" duration-ms="41167" started-at="2019-01-21T13:13:08Z" finished-at="2019-01-21T13:13:49Z">
    <groups>
    </groups>
    <test name="Regression Fashion Store: ON CHROME" duration-ms="41167" started-at="2019-01-21T13:13:08Z" finished-at="2019-01-21T13:13:49Z">
      <class name="fashionStoreTestSuite.Reg_FS">
        <test-method status="PASS" signature="Setup()[pri:0, instance:fashionStoreTestSuite.Reg_FS@53b32d7]" name="Setup" is-config="true" duration-ms="250" started-at="2019-01-21T13:13:08Z" finished-at="2019-01-21T13:13:08Z">
          <reporter-output>
          </reporter-output>
        </test-method> <!-- Setup -->
        <test-method status="PASS" signature="register(java.lang.reflect.Method)[pri:0, instance:fashionStoreTestSuite.Reg_FS@53b32d7]" name="register" is-config="true" duration-ms="3" started-at="2019-01-21T13:13:08Z" finished-at="2019-01-21T13:13:08Z">
          <params>
            <param index="0">
              <value>
                <![CDATA[public void fashionStoreTestSuite.Reg_FS.launchBrowser(java.lang.String) throws java.lang.InterruptedException]]>
              </value>
            </param>
          </params>
          <reporter-output>
          </reporter-output>
        </test-method> <!-- register -->
        <test-method status="PASS" signature="launchBrowser(java.lang.String)[pri:0, instance:fashionStoreTestSuite.Reg_FS@53b32d7]" name="launchBrowser" duration-ms="4574" started-at="2019-01-21T13:13:08Z" finished-at="2019-01-21T13:13:13Z">
          <params>
            <param index="0">
              <value>
                <![CDATA[chrome]]>
              </value>
            </param>
          </params>
          <reporter-output>
          </reporter-output>
        </test-method> <!-- launchBrowser -->
        <test-method status="PASS" signature="captureStatus(org.testng.ITestResult)[pri:0, instance:fashionStoreTestSuite.Reg_FS@53b32d7]" name="captureStatus" is-config="true" duration-ms="11" started-at="2019-01-21T13:13:13Z" finished-at="2019-01-21T13:13:13Z">
          <params>
            <param index="0">
              <value>
                <![CDATA[[TestResult name=launchBrowser status=SUCCESS method=Reg_FS.launchBrowser(java.lang.String)[pri:0, instance:fashionStoreTestSuite.Reg_FS@53b32d7] output={null}]]]>
              </value>
            </param>
          </params>
          <reporter-output>
          </reporter-output>
        </test-method> <!-- captureStatus -->
        <test-method status="PASS" signature="register(java.lang.reflect.Method)[pri:0, instance:fashionStoreTestSuite.Reg_FS@53b32d7]" name="register" is-config="true" duration-ms="4" started-at="2019-01-21T13:13:13Z" finished-at="2019-01-21T13:13:13Z">
          <params>
            <param index="0">
              <value>
                <![CDATA[public void fashionStoreTestSuite.Reg_FS.Launch_FashionStore()]]>
              </value>
            </param>
          </params>
          <reporter-output>
          </reporter-output>
        </test-method> <!-- register -->
        <test-method status="PASS" signature="Launch_FashionStore()[pri:1, instance:fashionStoreTestSuite.Reg_FS@53b32d7]" name="Launch_FashionStore" duration-ms="10490" started-at="2019-01-21T13:13:13Z" finished-at="2019-01-21T13:13:23Z">
          <reporter-output>
          </reporter-output>
        </test-method> <!-- Launch_FashionStore -->
        <test-method status="PASS" signature="captureStatus(org.testng.ITestResult)[pri:0, instance:fashionStoreTestSuite.Reg_FS@53b32d7]" name="captureStatus" is-config="true" duration-ms="2" started-at="2019-01-21T13:13:23Z" finished-at="2019-01-21T13:13:23Z">
          <params>
            <param index="0">
              <value>
                <![CDATA[[TestResult name=Launch_FashionStore status=SUCCESS method=Reg_FS.Launch_FashionStore()[pri:1, instance:fashionStoreTestSuite.Reg_FS@53b32d7] output={null}]]]>
              </value>
            </param>
          </params>
          <reporter-output>
          </reporter-output>
        </test-method> <!-- captureStatus -->
        <test-method status="PASS" signature="register(java.lang.reflect.Method)[pri:0, instance:fashionStoreTestSuite.Reg_FS@53b32d7]" name="register" is-config="true" duration-ms="1" started-at="2019-01-21T13:13:23Z" finished-at="2019-01-21T13:13:23Z">
          <params>
            <param index="0">
              <value>
                <![CDATA[public void fashionStoreTestSuite.Reg_FS.Go_Shopping()]]>
              </value>
            </param>
          </params>
          <reporter-output>
          </reporter-output>
        </test-method> <!-- register -->
        <test-method status="PASS" signature="Go_Shopping()[pri:2, instance:fashionStoreTestSuite.Reg_FS@53b32d7]" name="Go_Shopping" duration-ms="147" started-at="2019-01-21T13:13:23Z" finished-at="2019-01-21T13:13:24Z">
          <reporter-output>
          </reporter-output>
        </test-method> <!-- Go_Shopping -->
        <test-method status="PASS" signature="captureStatus(org.testng.ITestResult)[pri:0, instance:fashionStoreTestSuite.Reg_FS@53b32d7]" name="captureStatus" is-config="true" duration-ms="1" started-at="2019-01-21T13:13:24Z" finished-at="2019-01-21T13:13:24Z">
          <params>
            <param index="0">
              <value>
                <![CDATA[[TestResult name=Go_Shopping status=SUCCESS method=Reg_FS.Go_Shopping()[pri:2, instance:fashionStoreTestSuite.Reg_FS@53b32d7] output={null}]]]>
              </value>
            </param>
          </params>
          <reporter-output>
          </reporter-output>
        </test-method> <!-- captureStatus -->
        <test-method status="PASS" signature="register(java.lang.reflect.Method)[pri:0, instance:fashionStoreTestSuite.Reg_FS@53b32d7]" name="register" is-config="true" duration-ms="1" started-at="2019-01-21T13:13:24Z" finished-at="2019-01-21T13:13:24Z">
          <params>
            <param index="0">
              <value>
                <![CDATA[public void fashionStoreTestSuite.Reg_FS.Add_to_Cart()]]>
              </value>
            </param>
          </params>
          <reporter-output>
          </reporter-output>
        </test-method> <!-- register -->
        <test-method status="PASS" signature="Add_to_Cart()[pri:3, instance:fashionStoreTestSuite.Reg_FS@53b32d7]" name="Add_to_Cart" duration-ms="102" started-at="2019-01-21T13:13:24Z" finished-at="2019-01-21T13:13:24Z">
          <reporter-output>
          </reporter-output>
        </test-method> <!-- Add_to_Cart -->
        <test-method status="PASS" signature="captureStatus(org.testng.ITestResult)[pri:0, instance:fashionStoreTestSuite.Reg_FS@53b32d7]" name="captureStatus" is-config="true" duration-ms="2" started-at="2019-01-21T13:13:24Z" finished-at="2019-01-21T13:13:24Z">
          <params>
            <param index="0">
              <value>
                <![CDATA[[TestResult name=Add_to_Cart status=SUCCESS method=Reg_FS.Add_to_Cart()[pri:3, instance:fashionStoreTestSuite.Reg_FS@53b32d7] output={null}]]]>
              </value>
            </param>
          </params>
          <reporter-output>
          </reporter-output>
        </test-method> <!-- captureStatus -->
        <test-method status="PASS" signature="register(java.lang.reflect.Method)[pri:0, instance:fashionStoreTestSuite.Reg_FS@53b32d7]" name="register" is-config="true" duration-ms="1" started-at="2019-01-21T13:13:24Z" finished-at="2019-01-21T13:13:24Z">
          <params>
            <param index="0">
              <value>
                <![CDATA[public void fashionStoreTestSuite.Reg_FS.Go2Cart_andCheckout()]]>
              </value>
            </param>
          </params>
          <reporter-output>
          </reporter-output>
        </test-method> <!-- register -->
        <test-method status="PASS" signature="Go2Cart_andCheckout()[pri:4, instance:fashionStoreTestSuite.Reg_FS@53b32d7]" name="Go2Cart_andCheckout" duration-ms="270" started-at="2019-01-21T13:13:24Z" finished-at="2019-01-21T13:13:24Z">
          <reporter-output>
          </reporter-output>
        </test-method> <!-- Go2Cart_andCheckout -->
        <test-method status="PASS" signature="captureStatus(org.testng.ITestResult)[pri:0, instance:fashionStoreTestSuite.Reg_FS@53b32d7]" name="captureStatus" is-config="true" duration-ms="1" started-at="2019-01-21T13:13:24Z" finished-at="2019-01-21T13:13:24Z">
          <params>
            <param index="0">
              <value>
                <![CDATA[[TestResult name=Go2Cart_andCheckout status=SUCCESS method=Reg_FS.Go2Cart_andCheckout()[pri:4, instance:fashionStoreTestSuite.Reg_FS@53b32d7] output={null}]]]>
              </value>
            </param>
          </params>
          <reporter-output>
          </reporter-output>
        </test-method> <!-- captureStatus -->
        <test-method status="PASS" signature="register(java.lang.reflect.Method)[pri:0, instance:fashionStoreTestSuite.Reg_FS@53b32d7]" name="register" is-config="true" duration-ms="1" started-at="2019-01-21T13:13:24Z" finished-at="2019-01-21T13:13:24Z">
          <params>
            <param index="0">
              <value>
                <![CDATA[public void fashionStoreTestSuite.Reg_FS.Select_Bank()]]>
              </value>
            </param>
          </params>
          <reporter-output>
          </reporter-output>
        </test-method> <!-- register -->
        <test-method status="PASS" signature="Select_Bank()[pri:5, instance:fashionStoreTestSuite.Reg_FS@53b32d7]" name="Select_Bank" duration-ms="1030" started-at="2019-01-21T13:13:24Z" finished-at="2019-01-21T13:13:25Z">
          <reporter-output>
          </reporter-output>
        </test-method> <!-- Select_Bank -->
        <test-method status="PASS" signature="captureStatus(org.testng.ITestResult)[pri:0, instance:fashionStoreTestSuite.Reg_FS@53b32d7]" name="captureStatus" is-config="true" duration-ms="1" started-at="2019-01-21T13:13:25Z" finished-at="2019-01-21T13:13:25Z">
          <params>
            <param index="0">
              <value>
                <![CDATA[[TestResult name=Select_Bank status=SUCCESS method=Reg_FS.Select_Bank()[pri:5, instance:fashionStoreTestSuite.Reg_FS@53b32d7] output={null}]]]>
              </value>
            </param>
          </params>
          <reporter-output>
          </reporter-output>
        </test-method> <!-- captureStatus -->
        <test-method status="PASS" signature="register(java.lang.reflect.Method)[pri:0, instance:fashionStoreTestSuite.Reg_FS@53b32d7]" name="register" is-config="true" duration-ms="1" started-at="2019-01-21T13:13:25Z" finished-at="2019-01-21T13:13:25Z">
          <params>
            <param index="0">
              <value>
                <![CDATA[public void fashionStoreTestSuite.Reg_FS.Authenticate_AT_Forgerock()]]>
              </value>
            </param>
          </params>
          <reporter-output>
          </reporter-output>
        </test-method> <!-- register -->
        <test-method status="PASS" signature="Authenticate_AT_Forgerock()[pri:6, instance:fashionStoreTestSuite.Reg_FS@53b32d7]" name="Authenticate_AT_Forgerock" duration-ms="9036" started-at="2019-01-21T13:13:25Z" finished-at="2019-01-21T13:13:34Z">
          <reporter-output>
          </reporter-output>
        </test-method> <!-- Authenticate_AT_Forgerock -->
        <test-method status="PASS" signature="captureStatus(org.testng.ITestResult)[pri:0, instance:fashionStoreTestSuite.Reg_FS@53b32d7]" name="captureStatus" is-config="true" duration-ms="4" started-at="2019-01-21T13:13:34Z" finished-at="2019-01-21T13:13:34Z">
          <params>
            <param index="0">
              <value>
                <![CDATA[[TestResult name=Authenticate_AT_Forgerock status=SUCCESS method=Reg_FS.Authenticate_AT_Forgerock()[pri:6, instance:fashionStoreTestSuite.Reg_FS@53b32d7] output={null}]]]>
              </value>
            </param>
          </params>
          <reporter-output>
          </reporter-output>
        </test-method> <!-- captureStatus -->
        <test-method status="PASS" signature="register(java.lang.reflect.Method)[pri:0, instance:fashionStoreTestSuite.Reg_FS@53b32d7]" name="register" is-config="true" duration-ms="0" started-at="2019-01-21T13:13:34Z" finished-at="2019-01-21T13:13:34Z">
          <params>
            <param index="0">
              <value>
                <![CDATA[public void fashionStoreTestSuite.Reg_FS.Select_Account_Pay()]]>
              </value>
            </param>
          </params>
          <reporter-output>
          </reporter-output>
        </test-method> <!-- register -->
        <test-method status="PASS" signature="Select_Account_Pay()[pri:7, instance:fashionStoreTestSuite.Reg_FS@53b32d7]" name="Select_Account_Pay" duration-ms="7233" started-at="2019-01-21T13:13:34Z" finished-at="2019-01-21T13:13:41Z">
          <reporter-output>
          </reporter-output>
        </test-method> <!-- Select_Account_Pay -->
        <test-method status="PASS" signature="captureStatus(org.testng.ITestResult)[pri:0, instance:fashionStoreTestSuite.Reg_FS@53b32d7]" name="captureStatus" is-config="true" duration-ms="1" started-at="2019-01-21T13:13:41Z" finished-at="2019-01-21T13:13:41Z">
          <params>
            <param index="0">
              <value>
                <![CDATA[[TestResult name=Select_Account_Pay status=SUCCESS method=Reg_FS.Select_Account_Pay()[pri:7, instance:fashionStoreTestSuite.Reg_FS@53b32d7] output={null}]]]>
              </value>
            </param>
          </params>
          <reporter-output>
          </reporter-output>
        </test-method> <!-- captureStatus -->
        <test-method status="PASS" signature="register(java.lang.reflect.Method)[pri:0, instance:fashionStoreTestSuite.Reg_FS@53b32d7]" name="register" is-config="true" duration-ms="1" started-at="2019-01-21T13:13:41Z" finished-at="2019-01-21T13:13:41Z">
          <params>
            <param index="0">
              <value>
                <![CDATA[public void fashionStoreTestSuite.Reg_FS.Payment_Successful()]]>
              </value>
            </param>
          </params>
          <reporter-output>
          </reporter-output>
        </test-method> <!-- register -->
        <test-method status="PASS" signature="Payment_Successful()[pri:8, instance:fashionStoreTestSuite.Reg_FS@53b32d7]" name="Payment_Successful" duration-ms="6908" started-at="2019-01-21T13:13:41Z" finished-at="2019-01-21T13:13:48Z">
          <reporter-output>
          </reporter-output>
        </test-method> <!-- Payment_Successful -->
        <test-method status="PASS" signature="captureStatus(org.testng.ITestResult)[pri:0, instance:fashionStoreTestSuite.Reg_FS@53b32d7]" name="captureStatus" is-config="true" duration-ms="1" started-at="2019-01-21T13:13:48Z" finished-at="2019-01-21T13:13:48Z">
          <params>
            <param index="0">
              <value>
                <![CDATA[[TestResult name=Payment_Successful status=SUCCESS method=Reg_FS.Payment_Successful()[pri:8, instance:fashionStoreTestSuite.Reg_FS@53b32d7] output={null}]]]>
              </value>
            </param>
          </params>
          <reporter-output>
          </reporter-output>
        </test-method> <!-- captureStatus -->
        <test-method status="PASS" signature="register(java.lang.reflect.Method)[pri:0, instance:fashionStoreTestSuite.Reg_FS@53b32d7]" name="register" is-config="true" duration-ms="1" started-at="2019-01-21T13:13:48Z" finished-at="2019-01-21T13:13:48Z">
          <params>
            <param index="0">
              <value>
                <![CDATA[public void fashionStoreTestSuite.Reg_FS.Close_Browser()]]>
              </value>
            </param>
          </params>
          <reporter-output>
          </reporter-output>
        </test-method> <!-- register -->
        <test-method status="PASS" signature="Close_Browser()[pri:9, instance:fashionStoreTestSuite.Reg_FS@53b32d7]" name="Close_Browser" duration-ms="635" started-at="2019-01-21T13:13:48Z" finished-at="2019-01-21T13:13:49Z">
          <reporter-output>
          </reporter-output>
        </test-method> <!-- Close_Browser -->
        <test-method status="PASS" signature="captureStatus(org.testng.ITestResult)[pri:0, instance:fashionStoreTestSuite.Reg_FS@53b32d7]" name="captureStatus" is-config="true" duration-ms="3" started-at="2019-01-21T13:13:49Z" finished-at="2019-01-21T13:13:49Z">
          <params>
            <param index="0">
              <value>
                <![CDATA[[TestResult name=Close_Browser status=SUCCESS method=Reg_FS.Close_Browser()[pri:9, instance:fashionStoreTestSuite.Reg_FS@53b32d7] output={null}]]]>
              </value>
            </param>
          </params>
          <reporter-output>
          </reporter-output>
        </test-method> <!-- captureStatus -->
        <test-method status="PASS" signature="cleanup()[pri:0, instance:fashionStoreTestSuite.Reg_FS@53b32d7]" name="cleanup" is-config="true" duration-ms="405" started-at="2019-01-21T13:13:49Z" finished-at="2019-01-21T13:13:49Z">
          <reporter-output>
          </reporter-output>
        </test-method> <!-- cleanup -->
      </class> <!-- fashionStoreTestSuite.Reg_FS -->
    </test> <!-- Regression Fashion Store: ON CHROME -->
  </suite> <!-- Suite -->
</testng-results>
